Application/build/outputs/logs/manifest-merger-debug-report.txt
-- Merging decision tree log ---
manifest
ADDED from src\main\AndroidManifest.xml:16:1-64:12
INJECTED from src\main\AndroidManifest.xml:16:1-64:12
INJECTED from src\main\AndroidManifest.xml:16:1-64:12
MERGED from [com.android.support:support-v13:28.0.0-alpha1] AndroidManifest.xml:17:1-23:12
MERGED from [com.android.support:support-v4:28.0.0-alpha1] AndroidManifest.xml:17:1-23:12
MERGED from [com.android.support:design:28.0.0-alpha1] AndroidManifest.xml:17:1-24:12
MERGED from [com.android.support:design-theme:28.0.0-alpha1] AndroidManifest.xml:17:1-24:12
MERGED from [com.android.support:design-bottomappbar:28.0.0-alpha1] AndroidManifest.xml:17:1-24:12
MERGED from [com.android.support:design-transformation:28.0.0-alpha1] AndroidManifest.xml:17:1-24:12
MERGED from [com.android.support:design-widget:28.0.0-alpha1] AndroidManifest.xml:17:1-24:12
MERGED from [com.android.support:design-bottomsheet:28.0.0-alpha1] AndroidManifest.xml:17:1-24:12
MERGED from [com.android.support:design-dialog:28.0.0-alpha1] AndroidManifest.xml:17:1-24:12
MERGED from [com.android.support:design-card:28.0.0-alpha1] AndroidManifest.xml:17:1-24:12
MERGED from [com.android.support:design-circularreveal-cardview:28.0.0-alpha1] AndroidManifest.xml:17:1-24:12
MERGED from [com.android.support:cardview-v7:28.0.0-alpha1] AndroidManifest.xml:17:1-23:12
MERGED from [com.android.support:design-button:28.0.0-alpha1] AndroidManifest.xml:17:1-24:12
MERGED from [com.android.support:design-chip:28.0.0-alpha1] AndroidManifest.xml:17:1-24:12
MERGED from [com.android.support:design-internal:28.0.0-alpha1] AndroidManifest.xml:17:1-24:12
MERGED from [com.android.support:design-bottomnavigation:28.0.0-alpha1] AndroidManifest.xml:17:1-24:12
MERGED from [com.android.support:design-floatingactionbutton:28.0.0-alpha1] AndroidManifest.xml:17:1-24:12
MERGED from [com.android.support:design-navigation:28.0.0-alpha1] AndroidManifest.xml:17:1-24:12
MERGED from [com.android.support:design-resources:28.0.0-alpha1] AndroidManifest.xml:17:1-24:12
MERGED from [com.android.support:design-tabs:28.0.0-alpha1] AndroidManifest.xml:17:1-24:12
MERGED from [com.android.support:design-textfield:28.0.0-alpha1] AndroidManifest.xml:17:1-24:12
MERGED from [com.android.support:design-typography:28.0.0-alpha1] AndroidManifest.xml:17:1-24:12
MERGED from [com.android.support:design-shape:28.0.0-alpha1] AndroidManifest.xml:17:1-24:12
MERGED from [com.android.support:appcompat-v7:28.0.0-alpha1] AndroidManifest.xml:17:1-23:12
MERGED from [com.android.support.constraint:constraint-layout:1.0.2] AndroidManifest.xml:2:1-11:12
MERGED from [com.android.support:support-media-compat:28.0.0-alpha1] AndroidManifest.xml:17:1-23:12
MERGED from [com.android.support:support-fragment:28.0.0-alpha1] AndroidManifest.xml:17:1-23:12
MERGED from [com.android.support:animated-vector-drawable:28.0.0-alpha1] AndroidManifest.xml:17:1-23:12
MERGED from [com.android.support:recyclerview-v7:28.0.0-alpha1] AndroidManifest.xml:17:1-23:12
MERGED from [com.android.support:design-animation:28.0.0-alpha1] AndroidManifest.xml:17:1-24:12
MERGED from [com.android.support:design-circularreveal-coordinatorlayout:28.0.0-alpha1] AndroidManifest.xml:17:1-24:12
MERGED from [com.android.support:design-expandable:28.0.0-alpha1] AndroidManifest.xml:17:1-24:12
MERGED from [com.android.support:design-stateful:28.0.0-alpha1] AndroidManifest.xml:17:1-24:12
MERGED from [com.android.support:support-core-ui:28.0.0-alpha1] AndroidManifest.xml:17:1-23:12
MERGED from [com.android.support:design-ripple:28.0.0-alpha1] AndroidManifest.xml:17:1-24:12
MERGED from [com.android.support:support-core-utils:28.0.0-alpha1] AndroidManifest.xml:17:1-23:12
MERGED from [com.android.support:support-vector-drawable:28.0.0-alpha1] AndroidManifest.xml:17:1-22:12
MERGED from [com.android.support:transition:28.0.0-alpha1] AndroidManifest.xml:17:1-23:12
MERGED from [com.android.support:loader:28.0.0-alpha1] AndroidManifest.xml:17:1-23:12
MERGED from [com.android.support:viewpager:28.0.0-alpha1] AndroidManifest.xml:17:1-23:12
MERGED from [com.android.support:coordinatorlayout:28.0.0-alpha1] AndroidManifest.xml:17:1-23:12
MERGED from [com.android.support:drawerlayout:28.0.0-alpha1] AndroidManifest.xml:17:1-23:12
MERGED from [com.android.support:slidingpanelayout:28.0.0-alpha1] AndroidManifest.xml:17:1-23:12
MERGED from [com.android.support:customview:28.0.0-alpha1] AndroidManifest.xml:17:1-23:12
MERGED from [com.android.support:swiperefreshlayout:28.0.0-alpha1] AndroidManifest.xml:17:1-23:12
MERGED from [com.android.support:asynclayoutinflater:28.0.0-alpha1] AndroidManifest.xml:17:1-23:12
MERGED from [com.android.support:support-compat:28.0.0-alpha1] AndroidManifest.xml:17:1-23:12
MERGED from [com.android.support:design-canvas:28.0.0-alpha1] AndroidManifest.xml:17:1-24:12
MERGED from [com.android.support:design-circularreveal:28.0.0-alpha1] AndroidManifest.xml:17:1-24:12
MERGED from [com.android.support:design-drawable:28.0.0-alpha1] AndroidManifest.xml:17:1-24:12
MERGED from [com.android.support:documentfile:28.0.0-alpha1] AndroidManifest.xml:17:1-23:12
MERGED from [com.android.support:localbroadcastmanager:28.0.0-alpha1] AndroidManifest.xml:17:1-23:12
MERGED from [com.android.support:print:28.0.0-alpha1] AndroidManifest.xml:17:1-23:12
MERGED from [com.android.support:interpolator:28.0.0-alpha1] AndroidManifest.xml:17:1-23:12
MERGED from [com.android.support:cursoradapter:28.0.0-alpha1] AndroidManifest.xml:17:1-23:12
MERGED from [com.android.support:design-color:28.0.0-alpha1] AndroidManifest.xml:17:1-24:12
MERGED from [com.android.support:design-math:28.0.0-alpha1] AndroidManifest.xml:17:1-24:12
MERGED from [com.android.support:design-snackbar:28.0.0-alpha1] AndroidManifest.xml:17:1-24:12
MERGED from [android.arch.lifecycle:runtime:1.1.0] AndroidManifest.xml:17:1-22:12
MERGED from [android.arch.lifecycle:viewmodel:1.1.0] AndroidManifest.xml:17:1-22:12
MERGED from [android.arch.lifecycle:livedata-core:1.1.0] AndroidManifest.xml:17:1-22:12
MERGED from [android.arch.core:runtime:1.1.0] AndroidManifest.xml:17:1-22:12
INJECTED from src\main\AndroidManifest.xml:16:1-64:12
INJECTED from src\main\AndroidManifest.xml:16:1-64:12
	package
		ADDED from src\main\AndroidManifest.xml:17:5-47
	android:versionName
		ADDED from src\main\AndroidManifest.xml:19:5-30
		INJECTED from src\main\AndroidManifest.xml
		INJECTED from src\main\AndroidManifest.xml
	xmlns:android
		ADDED from src\main\AndroidManifest.xml:16:11-69
	android:versionCode
		ADDED from src\main\AndroidManifest.xml:18:5-28
		INJECTED from src\main\AndroidManifest.xml
		INJECTED from src\main\AndroidManifest.xml
uses-permission#android.permission.INTERNET
ADDED from src\main\AndroidManifest.xml:21:5-67
	android:name
		ADDED from src\main\AndroidManifest.xml:21:22-64
application
ADDED from src\main\AndroidManifest.xml:23:5-62:19
MERGED from [com.android.support:design:28.0.0-alpha1] AndroidManifest.xml:22:5-20
MERGED from [com.android.support:design:28.0.0-alpha1] AndroidManifest.xml:22:5-20
MERGED from [com.android.support:design-theme:28.0.0-alpha1] AndroidManifest.xml:22:5-20
MERGED from [com.android.support:design-theme:28.0.0-alpha1] AndroidManifest.xml:22:5-20
MERGED from [com.android.support:design-bottomappbar:28.0.0-alpha1] AndroidManifest.xml:22:5-20
MERGED from [com.android.support:design-bottomappbar:28.0.0-alpha1] AndroidManifest.xml:22:5-20
MERGED from [com.android.support:design-transformation:28.0.0-alpha1] AndroidManifest.xml:22:5-20
MERGED from [com.android.support:design-transformation:28.0.0-alpha1] AndroidManifest.xml:22:5-20
MERGED from [com.android.support:design-widget:28.0.0-alpha1] AndroidManifest.xml:22:5-20
MERGED from [com.android.support:design-widget:28.0.0-alpha1] AndroidManifest.xml:22:5-20
MERGED from [com.android.support:design-bottomsheet:28.0.0-alpha1] AndroidManifest.xml:22:5-20
MERGED from [com.android.support:design-bottomsheet:28.0.0-alpha1] AndroidManifest.xml:22:5-20
MERGED from [com.android.support:design-dialog:28.0.0-alpha1] AndroidManifest.xml:22:5-20
MERGED from [com.android.support:design-dialog:28.0.0-alpha1] AndroidManifest.xml:22:5-20
MERGED from [com.android.support:design-card:28.0.0-alpha1] AndroidManifest.xml:22:5-20
MERGED from [com.android.support:design-card:28.0.0-alpha1] AndroidManifest.xml:22:5-20
MERGED from [com.android.support:design-circularreveal-cardview:28.0.0-alpha1] AndroidManifest.xml:22:5-20
MERGED from [com.android.support:design-circularreveal-cardview:28.0.0-alpha1] AndroidManifest.xml:22:5-20
MERGED from [com.android.support:design-button:28.0.0-alpha1] AndroidManifest.xml:22:5-20
MERGED from [com.android.support:design-button:28.0.0-alpha1] AndroidManifest.xml:22:5-20
MERGED from [com.android.support:design-chip:28.0.0-alpha1] AndroidManifest.xml:22:5-20
MERGED from [com.android.support:design-chip:28.0.0-alpha1] AndroidManifest.xml:22:5-20
MERGED from [com.android.support:design-internal:28.0.0-alpha1] AndroidManifest.xml:22:5-20
MERGED from [com.android.support:design-internal:28.0.0-alpha1] AndroidManifest.xml:22:5-20
MERGED from [com.android.support:design-bottomnavigation:28.0.0-alpha1] AndroidManifest.xml:22:5-20
MERGED from [com.android.support:design-bottomnavigation:28.0.0-alpha1] AndroidManifest.xml:22:5-20
MERGED from [com.android.support:design-floatingactionbutton:28.0.0-alpha1] AndroidManifest.xml:22:5-20
MERGED from [com.android.support:design-floatingactionbutton:28.0.0-alpha1] AndroidManifest.xml:22:5-20
MERGED from [com.android.support:design-navigation:28.0.0-alpha1] AndroidManifest.xml:22:5-20
MERGED from [com.android.support:design-navigation:28.0.0-alpha1] AndroidManifest.xml:22:5-20
MERGED from [com.android.support:design-resources:28.0.0-alpha1] AndroidManifest.xml:22:5-20
MERGED from [com.android.support:design-resources:28.0.0-alpha1] AndroidManifest.xml:22:5-20
MERGED from [com.android.support:design-tabs:28.0.0-alpha1] AndroidManifest.xml:22:5-20
MERGED from [com.android.support:design-tabs:28.0.0-alpha1] AndroidManifest.xml:22:5-20
MERGED from [com.android.support:design-textfield:28.0.0-alpha1] AndroidManifest.xml:22:5-20
MERGED from [com.android.support:design-textfield:28.0.0-alpha1] AndroidManifest.xml:22:5-20
MERGED from [com.android.support:design-typography:28.0.0-alpha1] AndroidManifest.xml:22:5-20
MERGED from [com.android.support:design-typography:28.0.0-alpha1] AndroidManifest.xml:22:5-20
MERGED from [com.android.support:design-shape:28.0.0-alpha1] AndroidManifest.xml:22:5-20
MERGED from [com.android.support:design-shape:28.0.0-alpha1] AndroidManifest.xml:22:5-20
MERGED from [com.android.support.constraint:constraint-layout:1.0.2] AndroidManifest.xml:9:5-20
MERGED from [com.android.support.constraint:constraint-layout:1.0.2] AndroidManifest.xml:9:5-20
MERGED from [com.android.support:design-animation:28.0.0-alpha1] AndroidManifest.xml:22:5-20
MERGED from [com.android.support:design-animation:28.0.0-alpha1] AndroidManifest.xml:22:5-20
MERGED from [com.android.support:design-circularreveal-coordinatorlayout:28.0.0-alpha1] AndroidManifest.xml:22:5-20
MERGED from [com.android.support:design-circularreveal-coordinatorlayout:28.0.0-alpha1] AndroidManifest.xml:22:5-20
MERGED from [com.android.support:design-expandable:28.0.0-alpha1] AndroidManifest.xml:22:5-20
MERGED from [com.android.support:design-expandable:28.0.0-alpha1] AndroidManifest.xml:22:5-20
MERGED from [com.android.support:design-stateful:28.0.0-alpha1] AndroidManifest.xml:22:5-20
MERGED from [com.android.support:design-stateful:28.0.0-alpha1] AndroidManifest.xml:22:5-20
MERGED from [com.android.support:design-ripple:28.0.0-alpha1] AndroidManifest.xml:22:5-20
MERGED from [com.android.support:design-ripple:28.0.0-alpha1] AndroidManifest.xml:22:5-20
MERGED from [com.android.support:design-canvas:28.0.0-alpha1] AndroidManifest.xml:22:5-20
MERGED from [com.android.support:design-canvas:28.0.0-alpha1] AndroidManifest.xml:22:5-20
MERGED from [com.android.support:design-circularreveal:28.0.0-alpha1] AndroidManifest.xml:22:5-20
MERGED from [com.android.support:design-circularreveal:28.0.0-alpha1] AndroidManifest.xml:22:5-20
MERGED from [com.android.support:design-drawable:28.0.0-alpha1] AndroidManifest.xml:22:5-20
MERGED from [com.android.support:design-drawable:28.0.0-alpha1] AndroidManifest.xml:22:5-20
MERGED from [com.android.support:design-color:28.0.0-alpha1] AndroidManifest.xml:22:5-20
MERGED from [com.android.support:design-color:28.0.0-alpha1] AndroidManifest.xml:22:5-20
MERGED from [com.android.support:design-math:28.0.0-alpha1] AndroidManifest.xml:22:5-20
MERGED from [com.android.support:design-math:28.0.0-alpha1] AndroidManifest.xml:22:5-20
MERGED from [com.android.support:design-snackbar:28.0.0-alpha1] AndroidManifest.xml:22:5-20
MERGED from [com.android.support:design-snackbar:28.0.0-alpha1] AndroidManifest.xml:22:5-20
	android:supportsRtl
		ADDED from src\main\AndroidManifest.xml:27:9-35
	android:label
		ADDED from src\main\AndroidManifest.xml:26:9-41
	android:icon
		ADDED from src\main\AndroidManifest.xml:25:9-43
	android:allowBackup
		ADDED from src\main\AndroidManifest.xml:24:9-35
	android:theme
		ADDED from src\main\AndroidManifest.xml:28:9-40
activity#com.example.android.autofill.app.MainActivity
ADDED from src\main\AndroidManifest.xml:29:9-36:20
	android:taskAffinity
		ADDED from src\main\AndroidManifest.xml:31:13-49
	android:name
		ADDED from src\main\AndroidManifest.xml:30:13-73
intent-filter#action:name:android.intent.action.MAIN+category:name:android.intent.category.LAUNCHER
ADDED from src\main\AndroidManifest.xml:32:13-35:29
action#android.intent.action.MAIN
ADDED from src\main\AndroidManifest.xml:33:17-69
	android:name
		ADDED from src\main\AndroidManifest.xml:33:25-66
category#android.intent.category.LAUNCHER
ADDED from src\main\AndroidManifest.xml:34:17-77
	android:name
		ADDED from src\main\AndroidManifest.xml:34:27-74
activity#com.example.android.autofill.app.commoncases.StandardSignInActivity
ADDED from src\main\AndroidManifest.xml:37:9-104
	android:name
		ADDED from src\main\AndroidManifest.xml:37:19-101
activity#com.example.android.autofill.app.commoncases.StandardAutoCompleteSignInActivity
ADDED from src\main\AndroidManifest.xml:38:9-116
	android:name
		ADDED from src\main\AndroidManifest.xml:38:19-113
activity#com.example.android.autofill.app.commoncases.VirtualSignInActivity
ADDED from src\main\AndroidManifest.xml:39:9-103
	android:name
		ADDED from src\main\AndroidManifest.xml:39:19-100
activity#com.example.android.autofill.app.edgecases.VirtualCompatModeSignInActivity
ADDED from src\main\AndroidManifest.xml:40:9-111
	android:name
		ADDED from src\main\AndroidManifest.xml:40:19-108
activity#com.example.android.autofill.app.WelcomeActivity
ADDED from src\main\AndroidManifest.xml:41:9-85
	android:name
		ADDED from src\main\AndroidManifest.xml:41:19-82
activity#com.example.android.autofill.app.edgecases.CreditCardActivity
ADDED from src\main\AndroidManifest.xml:42:9-98
	android:name
		ADDED from src\main\AndroidManifest.xml:42:19-95
activity#com.example.android.autofill.app.commoncases.CreditCardSpinnersActivity
ADDED from src\main\AndroidManifest.xml:43:9-108
	android:name
		ADDED from src\main\AndroidManifest.xml:43:19-105
activity#com.example.android.autofill.app.commoncases.EmailComposeActivity
ADDED from src\main\AndroidManifest.xml:44:9-102
	android:name
		ADDED from src\main\AndroidManifest.xml:44:19-99
activity#com.example.android.autofill.app.commoncases.CreditCardCompoundViewActivity
ADDED from src\main\AndroidManifest.xml:45:9-112
	android:name
		ADDED from src\main\AndroidManifest.xml:45:19-109
activity#com.example.android.autofill.app.commoncases.CreditCardDatePickerActivity
ADDED from src\main\AndroidManifest.xml:46:9-110
	android:name
		ADDED from src\main\AndroidManifest.xml:46:19-107
activity#com.example.android.autofill.app.edgecases.CreditCardAntiPatternActivity
ADDED from src\main\AndroidManifest.xml:47:9-109
	android:name
		ADDED from src\main\AndroidManifest.xml:47:19-106
activity#com.example.android.autofill.app.edgecases.MultiplePartitionsActivity
ADDED from src\main\AndroidManifest.xml:48:9-50:72
	android:theme
		ADDED from src\main\AndroidManifest.xml:50:13-69
	android:name
		ADDED from src\main\AndroidManifest.xml:49:13-97
activity#com.example.android.autofill.app.commoncases.WebViewSignInActivity
ADDED from src\main\AndroidManifest.xml:51:9-103
	android:name
		ADDED from src\main\AndroidManifest.xml:51:19-100
activity#com.example.android.autofill.app.edgecases.MultipleStepsSignInActivity
ADDED from src\main\AndroidManifest.xml:52:9-107
	android:name
		ADDED from src\main\AndroidManifest.xml:52:19-104
activity#com.example.android.autofill.app.edgecases.MultipleStepsCreditCardActivity
ADDED from src\main\AndroidManifest.xml:53:9-111
	android:name
		ADDED from src\main\AndroidManifest.xml:53:19-108
activity#com.example.android.autofill.app.commoncases.RecyclerViewActivity
ADDED from src\main\AndroidManifest.xml:54:9-102
	android:name
		ADDED from src\main\AndroidManifest.xml:54:19-99
activity#com.example.android.autofill.app.antipatterns.BadViewStructureCreationSignInActivity
ADDED from src\main\AndroidManifest.xml:55:9-121
	android:name
		ADDED from src\main\AndroidManifest.xml:55:19-118
activity#com.example.android.autofill.app.antipatterns.UsernameOnlyActivity
ADDED from src\main\AndroidManifest.xml:56:9-103
	android:name
		ADDED from src\main\AndroidManifest.xml:56:19-100
activity#com.example.android.autofill.app.antipatterns.PasswordOnlyActivity
ADDED from src\main\AndroidManifest.xml:57:9-103
	android:name
		ADDED from src\main\AndroidManifest.xml:57:19-100
activity#com.example.android.autofill.app.antipatterns.HintlessSignInActivity
ADDED from src\main\AndroidManifest.xml:58:9-105
	android:name
		ADDED from src\main\AndroidManifest.xml:58:19-102
activity#com.example.android.autofill.app.antipatterns.CallbackLessAutoCompleteSignInActivity
ADDED from src\main\AndroidManifest.xml:59:9-121
	android:name
		ADDED from src\main\AndroidManifest.xml:59:19-118
activity#com.example.android.autofill.app.edgecases.CustomThemeSignInActivity
ADDED from src\main\AndroidManifest.xml:60:9-61:75
	android:theme
		ADDED from src\main\AndroidManifest.xml:61:19-72
	android:name
		ADDED from src\main\AndroidManifest.xml:60:19-102
uses-sdk
INJECTED from src\main\AndroidManifest.xml reason: use-sdk injection requested
INJECTED from src\main\AndroidManifest.xml
INJECTED from src\main\AndroidManifest.xml
MERGED from [com.android.support:support-v13:28.0.0-alpha1] AndroidManifest.xml:21:5-44
MERGED from [com.android.support:support-v13:28.0.0-alpha1] AndroidManifest.xml:21:5-44
MERGED from [com.android.support:support-v4:28.0.0-alpha1] AndroidManifest.xml:21:5-44
MERGED from [com.android.support:support-v4:28.0.0-alpha1] AndroidManifest.xml:21:5-44
MERGED from [com.android.support:design:28.0.0-alpha1] AndroidManifest.xml:20:5-44
MERGED from [com.android.support:design:28.0.0-alpha1] AndroidManifest.xml:20:5-44
MERGED from [com.android.support:design-theme:28.0.0-alpha1] AndroidManifest.xml:20:5-44
MERGED from [com.android.support:design-theme:28.0.0-alpha1] AndroidManifest.xml:20:5-44
MERGED from [com.android.support:design-bottomappbar:28.0.0-alpha1] AndroidManifest.xml:20:5-44
MERGED from [com.android.support:design-bottomappbar:28.0.0-alpha1] AndroidManifest.xml:20:5-44
MERGED from [com.android.support:design-transformation:28.0.0-alpha1] AndroidManifest.xml:20:5-44
MERGED from [com.android.support:design-transformation:28.0.0-alpha1] AndroidManifest.xml:20:5-44
MERGED from [com.android.support:design-widget:28.0.0-alpha1] AndroidManifest.xml:20:5-44
MERGED from [com.android.support:design-widget:28.0.0-alpha1] AndroidManifest.xml:20:5-44
MERGED from [com.android.support:design-bottomsheet:28.0.0-alpha1] AndroidManifest.xml:20:5-44
MERGED from [com.android.support:design-bottomsheet:28.0.0-alpha1] AndroidManifest.xml:20:5-44
MERGED from [com.android.support:design-dialog:28.0.0-alpha1] AndroidManifest.xml:20:5-44
MERGED from [com.android.support:design-dialog:28.0.0-alpha1] AndroidManifest.xml:20:5-44
MERGED from [com.android.support:design-card:28.0.0-alpha1] AndroidManifest.xml:20:5-44
MERGED from [com.android.support:design-card:28.0.0-alpha1] AndroidManifest.xml:20:5-44
MERGED from [com.android.support:design-circularreveal-cardview:28.0.0-alpha1] AndroidManifest.xml:20:5-44
MERGED from [com.android.support:design-circularreveal-cardview:28.0.0-alpha1] AndroidManifest.xml:20:5-44
MERGED from [com.android.support:cardview-v7:28.0.0-alpha1] AndroidManifest.xml:21:5-44
MERGED from [com.android.support:cardview-v7:28.0.0-alpha1] AndroidManifest.xml:21:5-44
MERGED from [com.android.support:design-button:28.0.0-alpha1] AndroidManifest.xml:20:5-44
MERGED from [com.android.support:design-button:28.0.0-alpha1] AndroidManifest.xml:20:5-44
MERGED from [com.android.support:design-chip:28.0.0-alpha1] AndroidManifest.xml:20:5-44
MERGED from [com.android.support:design-chip:28.0.0-alpha1] AndroidManifest.xml:20:5-44
MERGED from [com.android.support:design-internal:28.0.0-alpha1] AndroidManifest.xml:20:5-44
MERGED from [com.android.support:design-internal:28.0.0-alpha1] AndroidManifest.xml:20:5-44
MERGED from [com.android.support:design-bottomnavigation:28.0.0-alpha1] AndroidManifest.xml:20:5-44
MERGED from [com.android.support:design-bottomnavigation:28.0.0-alpha1] AndroidManifest.xml:20:5-44
MERGED from [com.android.support:design-floatingactionbutton:28.0.0-alpha1] AndroidManifest.xml:20:5-44
MERGED from [com.android.support:design-floatingactionbutton:28.0.0-alpha1] AndroidManifest.xml:20:5-44
MERGED from [com.android.support:design-navigation:28.0.0-alpha1] AndroidManifest.xml:20:5-44
MERGED from [com.android.support:design-navigation:28.0.0-alpha1] AndroidManifest.xml:20:5-44
MERGED from [com.android.support:design-resources:28.0.0-alpha1] AndroidManifest.xml:20:5-44
MERGED from [com.android.support:design-resources:28.0.0-alpha1] AndroidManifest.xml:20:5-44
MERGED from [com.android.support:design-tabs:28.0.0-alpha1] AndroidManifest.xml:20:5-44
MERGED from [com.android.support:design-tabs:28.0.0-alpha1] AndroidManifest.xml:20:5-44
MERGED from [com.android.support:design-textfield:28.0.0-alpha1] AndroidManifest.xml:20:5-44
MERGED from [com.android.support:design-textfield:28.0.0-alpha1] AndroidManifest.xml:20:5-44
MERGED from [com.android.support:design-typography:28.0.0-alpha1] AndroidManifest.xml:20:5-44
MERGED from [com.android.support:design-typography:28.0.0-alpha1] AndroidManifest.xml:20:5-44
MERGED from [com.android.support:design-shape:28.0.0-alpha1] AndroidManifest.xml:20:5-44
MERGED from [com.android.support:design-shape:28.0.0-alpha1] AndroidManifest.xml:20:5-44
MERGED from [com.android.support:appcompat-v7:28.0.0-alpha1] AndroidManifest.xml:21:5-44
MERGED from [com.android.support:appcompat-v7:28.0.0-alpha1] AndroidManifest.xml:21:5-44
MERGED from [com.android.support.constraint:constraint-layout:1.0.2] AndroidManifest.xml:5:5-7:41
MERGED from [com.android.support.constraint:constraint-layout:1.0.2] AndroidManifest.xml:5:5-7:41
MERGED from [com.android.support:support-media-compat:28.0.0-alpha1] AndroidManifest.xml:21:5-44
MERGED from [com.android.support:support-media-compat:28.0.0-alpha1] AndroidManifest.xml:21:5-44
MERGED from [com.android.support:support-fragment:28.0.0-alpha1] AndroidManifest.xml:21:5-44
MERGED from [com.android.support:support-fragment:28.0.0-alpha1] AndroidManifest.xml:21:5-44
MERGED from [com.android.support:animated-vector-drawable:28.0.0-alpha1] AndroidManifest.xml:21:5-44
MERGED from [com.android.support:animated-vector-drawable:28.0.0-alpha1] AndroidManifest.xml:21:5-44
MERGED from [com.android.support:recyclerview-v7:28.0.0-alpha1] AndroidManifest.xml:21:5-44
MERGED from [com.android.support:recyclerview-v7:28.0.0-alpha1] AndroidManifest.xml:21:5-44
MERGED from [com.android.support:design-animation:28.0.0-alpha1] AndroidManifest.xml:20:5-44
MERGED from [com.android.support:design-animation:28.0.0-alpha1] AndroidManifest.xml:20:5-44
MERGED from [com.android.support:design-circularreveal-coordinatorlayout:28.0.0-alpha1] AndroidManifest.xml:20:5-44
MERGED from [com.android.support:design-circularreveal-coordinatorlayout:28.0.0-alpha1] AndroidManifest.xml:20:5-44
MERGED from [com.android.support:design-expandable:28.0.0-alpha1] AndroidManifest.xml:20:5-44
MERGED from [com.android.support:design-expandable:28.0.0-alpha1] AndroidManifest.xml:20:5-44
MERGED from [com.android.support:design-stateful:28.0.0-alpha1] AndroidManifest.xml:20:5-44
MERGED from [com.android.support:design-stateful:28.0.0-alpha1] AndroidManifest.xml:20:5-44
MERGED from [com.android.support:support-core-ui:28.0.0-alpha1] AndroidManifest.xml:21:5-44
MERGED from [com.android.support:support-core-ui:28.0.0-alpha1] AndroidManifest.xml:21:5-44
MERGED from [com.android.support:design-ripple:28.0.0-alpha1] AndroidManifest.xml:20:5-44
MERGED from [com.android.support:design-ripple:28.0.0-alpha1] AndroidManifest.xml:20:5-44
MERGED from [com.android.support:support-core-utils:28.0.0-alpha1] AndroidManifest.xml:21:5-44
MERGED from [com.android.support:support-core-utils:28.0.0-alpha1] AndroidManifest.xml:21:5-44
MERGED from [com.android.support:support-vector-drawable:28.0.0-alpha1] AndroidManifest.xml:20:5-44
MERGED from [com.android.support:support-vector-drawable:28.0.0-alpha1] AndroidManifest.xml:20:5-44
MERGED from [com.android.support:transition:28.0.0-alpha1] AndroidManifest.xml:21:5-44
MERGED from [com.android.support:transition:28.0.0-alpha1] AndroidManifest.xml:21:5-44
MERGED from [com.android.support:loader:28.0.0-alpha1] AndroidManifest.xml:21:5-44
MERGED from [com.android.support:loader:28.0.0-alpha1] AndroidManifest.xml:21:5-44
MERGED from [com.android.support:viewpager:28.0.0-alpha1] AndroidManifest.xml:21:5-44
MERGED from [com.android.support:viewpager:28.0.0-alpha1] AndroidManifest.xml:21:5-44
MERGED from [com.android.support:coordinatorlayout:28.0.0-alpha1] AndroidManifest.xml:21:5-44
MERGED from [com.android.support:coordinatorlayout:28.0.0-alpha1] AndroidManifest.xml:21:5-44
MERGED from [com.android.support:drawerlayout:28.0.0-alpha1] AndroidManifest.xml:21:5-44
MERGED from [com.android.support:drawerlayout:28.0.0-alpha1] AndroidManifest.xml:21:5-44
MERGED from [com.android.support:slidingpanelayout:28.0.0-alpha1] AndroidManifest.xml:21:5-44
MERGED from [com.android.support:slidingpanelayout:28.0.0-alpha1] AndroidManifest.xml:21:5-44
MERGED from [com.android.support:customview:28.0.0-alpha1] AndroidManifest.xml:21:5-44
MERGED from [com.android.support:customview:28.0.0-alpha1] AndroidManifest.xml:21:5-44
MERGED from [com.android.support:swiperefreshlayout:28.0.0-alpha1] AndroidManifest.xml:21:5-44
MERGED from [com.android.support:swiperefreshlayout:28.0.0-alpha1] AndroidManifest.xml:21:5-44
MERGED from [com.android.support:asynclayoutinflater:28.0.0-alpha1] AndroidManifest.xml:21:5-44
MERGED from [com.android.support:asynclayoutinflater:28.0.0-alpha1] AndroidManifest.xml:21:5-44
MERGED from [com.android.support:support-compat:28.0.0-alpha1] AndroidManifest.xml:21:5-44
MERGED from [com.android.support:support-compat:28.0.0-alpha1] AndroidManifest.xml:21:5-44
MERGED from [com.android.support:design-canvas:28.0.0-alpha1] AndroidManifest.xml:20:5-44
MERGED from [com.android.support:design-canvas:28.0.0-alpha1] AndroidManifest.xml:20:5-44
MERGED from [com.android.support:design-circularreveal:28.0.0-alpha1] AndroidManifest.xml:20:5-44
MERGED from [com.android.support:design-circularreveal:28.0.0-alpha1] AndroidManifest.xml:20:5-44
MERGED from [com.android.support:design-drawable:28.0.0-alpha1] AndroidManifest.xml:20:5-44
MERGED from [com.android.support:design-drawable:28.0.0-alpha1] AndroidManifest.xml:20:5-44
MERGED from [com.android.support:documentfile:28.0.0-alpha1] AndroidManifest.xml:21:5-44
MERGED from [com.android.support:documentfile:28.0.0-alpha1] AndroidManifest.xml:21:5-44
MERGED from [com.android.support:localbroadcastmanager:28.0.0-alpha1] AndroidManifest.xml:21:5-44
MERGED from [com.android.support:localbroadcastmanager:28.0.0-alpha1] AndroidManifest.xml:21:5-44
MERGED from [com.android.support:print:28.0.0-alpha1] AndroidManifest.xml:21:5-44
MERGED from [com.android.support:print:28.0.0-alpha1] AndroidManifest.xml:21:5-44
MERGED from [com.android.support:interpolator:28.0.0-alpha1] AndroidManifest.xml:21:5-44
MERGED from [com.android.support:interpolator:28.0.0-alpha1] AndroidManifest.xml:21:5-44
MERGED from [com.android.support:cursoradapter:28.0.0-alpha1] AndroidManifest.xml:21:5-44
MERGED from [com.android.support:cursoradapter:28.0.0-alpha1] AndroidManifest.xml:21:5-44
MERGED from [com.android.support:design-color:28.0.0-alpha1] AndroidManifest.xml:20:5-44
MERGED from [com.android.support:design-color:28.0.0-alpha1] AndroidManifest.xml:20:5-44
MERGED from [com.android.support:design-math:28.0.0-alpha1] AndroidManifest.xml:20:5-44
MERGED from [com.android.support:design-math:28.0.0-alpha1] AndroidManifest.xml:20:5-44
MERGED from [com.android.support:design-snackbar:28.0.0-alpha1] AndroidManifest.xml:20:5-44
MERGED from [com.android.support:design-snackbar:28.0.0-alpha1] AndroidManifest.xml:20:5-44
MERGED from [android.arch.lifecycle:runtime:1.1.0] AndroidManifest.xml:20:5-44
MERGED from [android.arch.lifecycle:runtime:1.1.0] AndroidManifest.xml:20:5-44
MERGED from [android.arch.lifecycle:viewmodel:1.1.0] AndroidManifest.xml:20:5-44
MERGED from [android.arch.lifecycle:viewmodel:1.1.0] AndroidManifest.xml:20:5-44
MERGED from [android.arch.lifecycle:livedata-core:1.1.0] AndroidManifest.xml:20:5-44
MERGED from [android.arch.lifecycle:livedata-core:1.1.0] AndroidManifest.xml:20:5-44
MERGED from [android.arch.core:runtime:1.1.0] AndroidManifest.xml:20:5-44
MERGED from [android.arch.core:runtime:1.1.0] AndroidManifest.xml:20:5-44
INJECTED from src\main\AndroidManifest.xml
INJECTED from src\main\AndroidManifest.xml
	android:targetSdkVersion
		INJECTED from src\main\AndroidManifest.xml